#
# There is insufficient memory for the Java Runtime Environment to continue.
# Native memory allocation (malloc) failed to allocate 32744 bytes for ChunkPool::allocate
# Possible reasons:
#   The system is out of physical RAM or swap space
#   The process is running with CompressedOops enabled, and the Java Heap may be blocking the growth of the native heap
# Possible solutions:
#   Reduce memory load on the system
#   Increase physical memory or swap space
#   Check if swap backing store is full
#   Decrease Java heap size (-Xmx/-Xms)
#   Decrease number of Java threads
#   Decrease Java thread stack sizes (-Xss)
#   Set larger code cache with -XX:ReservedCodeCacheSize=
#   JVM is running with Unscaled Compressed Oops mode in which the Java heap is
#     placed in the first 4GB address space. The Java Heap base address is the
#     maximum limit for the native heap growth. Please use -XX:HeapBaseMinAddress
#     to set the Java Heap base and to place the Java Heap above 4GB virtual address.
# This output file may be truncated or incomplete.
#
#  Out of Memory Error (./src/hotspot/share/memory/arena.cpp:81), pid=21404, tid=21952
#
# JRE version: OpenJDK Runtime Environment (11.0.11+9) (build 11.0.11+9-b60-7590822)
# Java VM: OpenJDK 64-Bit Server VM (11.0.11+9-b60-7590822, mixed mode, tiered, compressed oops, g1 gc, windows-amd64)
# No core dump will be written. Minidumps are not enabled by default on client versions of Windows
#

---------------  S U M M A R Y ------------

Command Line: -Dorg.gradle.appname=gradlew org.gradle.wrapper.GradleWrapperMain -q -Ptarget-platform=android-arm64 -Ptarget=C:\Users\satis\Documents\GitHub\irriauto_v2\lib\main.dart -Pbase-application-name=android.app.Application -Pdart-defines=Zmx1dHRlci5pbnNwZWN0b3Iuc3RydWN0dXJlZEVycm9ycz10cnVl,RkxVVFRFUl9XRUJfQVVUT19ERVRFQ1Q9dHJ1ZQ== -Pdart-obfuscation=false -Ptrack-widget-creation=true -Ptree-shake-icons=false -Pfilesystem-scheme=org-dartlang-root assembleDebug

Host: AMD Ryzen 5 3500U with Radeon Vega Mobile Gfx  , 8 cores, 6G,  Windows 10 , 64 bit Build 22000 (10.0.22000.434)
Time: Tue Mar 29 13:48:35 2022 India Standard Time elapsed time: 18.772631 seconds (0d 0h 0m 18s)

---------------  T H R E A D  ---------------

Current thread (0x000001ef241cc800):  JavaThread "C2 CompilerThread0" daemon [_thread_in_native, id=21952, stack(0x000000c45dc00000,0x000000c45dd00000)]


Current CompileTask:
C2:  18772 1620 % !   4       java.util.jar.Attributes::read @ 186 (390 bytes)

Stack: [0x000000c45dc00000,0x000000c45dd00000]
Native frames: (J=compiled Java code, j=interpreted, Vv=VM code, C=native code)
V  [jvm.dll+0x5f214a]
V  [jvm.dll+0x726fb5]
V  [jvm.dll+0x7285cd]
V  [jvm.dll+0x728c83]
V  [jvm.dll+0x243278]
V  [jvm.dll+0xbc78b]
V  [jvm.dll+0xbca3c]
V  [jvm.dll+0xbc638]
V  [jvm.dll+0x5d14e0]
V  [jvm.dll+0x62212e]
V  [jvm.dll+0x198a28]
V  [jvm.dll+0x1fc2ee]
V  [jvm.dll+0x1fb3d4]
V  [jvm.dll+0x183d6c]
V  [jvm.dll+0x209a57]
V  [jvm.dll+0x2082a1]
V  [jvm.dll+0x6ef58f]
V  [jvm.dll+0x6e80b5]
V  [jvm.dll+0x5f1036]
C  [ucrtbase.dll+0x26c0c]
C  [KERNEL32.DLL+0x154e0]
C  [ntdll.dll+0x485b]


---------------  P R O C E S S  ---------------

Threads class SMR info:
_java_thread_list=0x000001ef25a0f830, length=11, elements={
0x000001ef0a711800, 0x000001ef24181000, 0x000001ef241a3800, 0x000001ef241c1800,
0x000001ef241c6800, 0x000001ef241c9800, 0x000001ef241cc800, 0x000001ef241cd800,
0x000001ef241d6800, 0x000001ef24c99000, 0x000001ef24c98000
}

Java Threads: ( => current thread )
  0x000001ef0a711800 JavaThread "main" [_thread_in_Java, id=21332, stack(0x000000c45d000000,0x000000c45d100000)]
  0x000001ef24181000 JavaThread "Reference Handler" daemon [_thread_blocked, id=20832, stack(0x000000c45d700000,0x000000c45d800000)]
  0x000001ef241a3800 JavaThread "Finalizer" daemon [_thread_blocked, id=18680, stack(0x000000c45d800000,0x000000c45d900000)]
  0x000001ef241c1800 JavaThread "Signal Dispatcher" daemon [_thread_blocked, id=18964, stack(0x000000c45d900000,0x000000c45da00000)]
  0x000001ef241c6800 JavaThread "Attach Listener" daemon [_thread_blocked, id=22072, stack(0x000000c45da00000,0x000000c45db00000)]
  0x000001ef241c9800 JavaThread "Service Thread" daemon [_thread_blocked, id=13896, stack(0x000000c45db00000,0x000000c45dc00000)]
=>0x000001ef241cc800 JavaThread "C2 CompilerThread0" daemon [_thread_in_native, id=21952, stack(0x000000c45dc00000,0x000000c45dd00000)]
  0x000001ef241cd800 JavaThread "C1 CompilerThread0" daemon [_thread_in_native, id=22040, stack(0x000000c45dd00000,0x000000c45de00000)]
  0x000001ef241d6800 JavaThread "Sweeper thread" daemon [_thread_blocked, id=22060, stack(0x000000c45de00000,0x000000c45df00000)]
  0x000001ef24c99000 JavaThread "Common-Cleaner" daemon [_thread_blocked, id=18676, stack(0x000000c45e000000,0x000000c45e100000)]
  0x000001ef24c98000 JavaThread "pool-1-thread-1" [_thread_blocked, id=22052, stack(0x000000c45e100000,0x000000c45e200000)]

Other Threads:
  0x000001ef24180000 VMThread "VM Thread" [stack: 0x000000c45d600000,0x000000c45d700000] [id=20460]
  0x000001ef24c93800 WatcherThread [stack: 0x000000c45df00000,0x000000c45e000000] [id=3760]
  0x000001ef0a727800 GCTaskThread "GC Thread#0" [stack: 0x000000c45d100000,0x000000c45d200000] [id=21348]
  0x000001ef255b4800 GCTaskThread "GC Thread#1" [stack: 0x000000c45e200000,0x000000c45e300000] [id=22068]
  0x000001ef259d2800 GCTaskThread "GC Thread#2" [stack: 0x000000c45e300000,0x000000c45e400000] [id=22152]
  0x000001ef25bd9800 GCTaskThread "GC Thread#3" [stack: 0x000000c45e400000,0x000000c45e500000] [id=1852]
  0x000001ef0a756000 ConcurrentGCThread "G1 Main Marker" [stack: 0x000000c45d200000,0x000000c45d300000] [id=21344]
  0x000001ef0a757000 ConcurrentGCThread "G1 Conc#0" [stack: 0x000000c45d300000,0x000000c45d400000] [id=21352]
  0x000001ef0a7e9800 ConcurrentGCThread "G1 Refine#0" [stack: 0x000000c45d400000,0x000000c45d500000] [id=14632]
  0x000001ef0a7ea800 ConcurrentGCThread "G1 Young RemSet Sampling" [stack: 0x000000c45d500000,0x000000c45d600000] [id=19536]

Threads with active compile tasks:
C2 CompilerThread0  18791 1620 % !   4       java.util.jar.Attributes::read @ 186 (390 bytes)
C1 CompilerThread0  18791 1638       3       org.gradle.internal.logging.text.AbstractLineChoppingStyledTextOutput$StateContext::isCurrentCharEquals (61 bytes)

VM state:not at safepoint (normal execution)

VM Mutex/Monitor currently owned by a thread:  ([mutex/lock_event])
[0x000001ef0a70e780] Compile_lock - owner thread: 0x0000000000000000

Heap address: 0x0000000090c00000, size: 1780 MB, Compressed Oops mode: 32-bit
Narrow klass base: 0x0000000000000000, Narrow klass shift: 3
Compressed class space size: 1073741824 Address: 0x0000000100000000

Heap:
 garbage-first heap   total 114688K, used 39358K [0x0000000090c00000, 0x0000000100000000)
  region size 1024K, 34 young (34816K), 3 survivors (3072K)
 Metaspace       used 16449K, capacity 16780K, committed 16896K, reserved 1064960K
  class space    used 1840K, capacity 1979K, committed 2048K, reserved 1048576K
Heap Regions: E=young(eden), S=young(survivor), O=old, HS=humongous(starts), HC=humongous(continues), CS=collection set, F=free, A=archive, TAMS=top-at-mark-start (previous, next)
|   0|0x0000000090c00000, 0x0000000090c00000, 0x0000000090d00000|  0%| F|  |TAMS 0x0000000090c00000, 0x0000000090c00000| Untracked 
|   1|0x0000000090d00000, 0x0000000090d00000, 0x0000000090e00000|  0%| F|  |TAMS 0x0000000090d00000, 0x0000000090d00000| Untracked 
|   2|0x0000000090e00000, 0x0000000090e00000, 0x0000000090f00000|  0%| F|  |TAMS 0x0000000090e00000, 0x0000000090e00000| Untracked 
|   3|0x0000000090f00000, 0x0000000091000000, 0x0000000091000000|100%|HS|  |TAMS 0x0000000090f00000, 0x0000000090f00000| Complete 
|   4|0x0000000091000000, 0x0000000091100000, 0x0000000091100000|100%|HC|  |TAMS 0x0000000091000000, 0x0000000091000000| Complete 
|   5|0x0000000091100000, 0x0000000091200000, 0x0000000091200000|100%|HC|  |TAMS 0x0000000091100000, 0x0000000091100000| Complete 
|   6|0x0000000091200000, 0x0000000091300000, 0x0000000091300000|100%| O|  |TAMS 0x0000000091200000, 0x0000000091200000| Untracked 
|   7|0x0000000091300000, 0x0000000091400000, 0x0000000091400000|100%| O|  |TAMS 0x0000000091300000, 0x0000000091300000| Untracked 
|   8|0x0000000091400000, 0x000000009146f800, 0x0000000091500000| 43%| O|  |TAMS 0x0000000091400000, 0x0000000091400000| Untracked 
|   9|0x0000000091500000, 0x0000000091500000, 0x0000000091600000|  0%| F|  |TAMS 0x0000000091500000, 0x0000000091500000| Untracked 
|  10|0x0000000091600000, 0x0000000091600000, 0x0000000091700000|  0%| F|  |TAMS 0x0000000091600000, 0x0000000091600000| Untracked 
|  11|0x0000000091700000, 0x0000000091700000, 0x0000000091800000|  0%| F|  |TAMS 0x0000000091700000, 0x0000000091700000| Untracked 
|  12|0x0000000091800000, 0x0000000091800000, 0x0000000091900000|  0%| F|  |TAMS 0x0000000091800000, 0x0000000091800000| Untracked 
|  13|0x0000000091900000, 0x0000000091900000, 0x0000000091a00000|  0%| F|  |TAMS 0x0000000091900000, 0x0000000091900000| Untracked 
|  14|0x0000000091a00000, 0x0000000091a00000, 0x0000000091b00000|  0%| F|  |TAMS 0x0000000091a00000, 0x0000000091a00000| Untracked 
|  15|0x0000000091b00000, 0x0000000091b00000, 0x0000000091c00000|  0%| F|  |TAMS 0x0000000091b00000, 0x0000000091b00000| Untracked 
|  16|0x0000000091c00000, 0x0000000091c00000, 0x0000000091d00000|  0%| F|  |TAMS 0x0000000091c00000, 0x0000000091c00000| Untracked 
|  17|0x0000000091d00000, 0x0000000091d00000, 0x0000000091e00000|  0%| F|  |TAMS 0x0000000091d00000, 0x0000000091d00000| Untracked 
|  18|0x0000000091e00000, 0x0000000091e00000, 0x0000000091f00000|  0%| F|  |TAMS 0x0000000091e00000, 0x0000000091e00000| Untracked 
|  19|0x0000000091f00000, 0x0000000091f00000, 0x0000000092000000|  0%| F|  |TAMS 0x0000000091f00000, 0x0000000091f00000| Untracked 
|  20|0x0000000092000000, 0x0000000092000000, 0x0000000092100000|  0%| F|  |TAMS 0x0000000092000000, 0x0000000092000000| Untracked 
|  21|0x0000000092100000, 0x0000000092100000, 0x0000000092200000|  0%| F|  |TAMS 0x0000000092100000, 0x0000000092100000| Untracked 
|  22|0x0000000092200000, 0x0000000092200000, 0x0000000092300000|  0%| F|  |TAMS 0x0000000092200000, 0x0000000092200000| Untracked 
|  23|0x0000000092300000, 0x0000000092300000, 0x0000000092400000|  0%| F|  |TAMS 0x0000000092300000, 0x0000000092300000| Untracked 
|  24|0x0000000092400000, 0x0000000092400000, 0x0000000092500000|  0%| F|  |TAMS 0x0000000092400000, 0x0000000092400000| Untracked 
|  25|0x0000000092500000, 0x0000000092500000, 0x0000000092600000|  0%| F|  |TAMS 0x0000000092500000, 0x0000000092500000| Untracked 
|  26|0x0000000092600000, 0x0000000092600000, 0x0000000092700000|  0%| F|  |TAMS 0x0000000092600000, 0x0000000092600000| Untracked 
|  27|0x0000000092700000, 0x0000000092700000, 0x0000000092800000|  0%| F|  |TAMS 0x0000000092700000, 0x0000000092700000| Untracked 
|  28|0x0000000092800000, 0x0000000092800000, 0x0000000092900000|  0%| F|  |TAMS 0x0000000092800000, 0x0000000092800000| Untracked 
|  29|0x0000000092900000, 0x0000000092900000, 0x0000000092a00000|  0%| F|  |TAMS 0x0000000092900000, 0x0000000092900000| Untracked 
|  30|0x0000000092a00000, 0x0000000092a00000, 0x0000000092b00000|  0%| F|  |TAMS 0x0000000092a00000, 0x0000000092a00000| Untracked 
|  31|0x0000000092b00000, 0x0000000092b00000, 0x0000000092c00000|  0%| F|  |TAMS 0x0000000092b00000, 0x0000000092b00000| Untracked 
|  32|0x0000000092c00000, 0x0000000092c00000, 0x0000000092d00000|  0%| F|  |TAMS 0x0000000092c00000, 0x0000000092c00000| Untracked 
|  33|0x0000000092d00000, 0x0000000092d00000, 0x0000000092e00000|  0%| F|  |TAMS 0x0000000092d00000, 0x0000000092d00000| Untracked 
|  34|0x0000000092e00000, 0x0000000092e00000, 0x0000000092f00000|  0%| F|  |TAMS 0x0000000092e00000, 0x0000000092e00000| Untracked 
|  35|0x0000000092f00000, 0x0000000092f00000, 0x0000000093000000|  0%| F|  |TAMS 0x0000000092f00000, 0x0000000092f00000| Untracked 
|  36|0x0000000093000000, 0x0000000093000000, 0x0000000093100000|  0%| F|  |TAMS 0x0000000093000000, 0x0000000093000000| Untracked 
|  37|0x0000000093100000, 0x0000000093100000, 0x0000000093200000|  0%| F|  |TAMS 0x0000000093100000, 0x0000000093100000| Untracked 
|  38|0x0000000093200000, 0x0000000093200000, 0x0000000093300000|  0%| F|  |TAMS 0x0000000093200000, 0x0000000093200000| Untracked 
|  39|0x0000000093300000, 0x0000000093300000, 0x0000000093400000|  0%| F|  |TAMS 0x0000000093300000, 0x0000000093300000| Untracked 
|  40|0x0000000093400000, 0x0000000093400000, 0x0000000093500000|  0%| F|  |TAMS 0x0000000093400000, 0x0000000093400000| Untracked 
|  41|0x0000000093500000, 0x0000000093500000, 0x0000000093600000|  0%| F|  |TAMS 0x0000000093500000, 0x0000000093500000| Untracked 
|  42|0x0000000093600000, 0x0000000093600000, 0x0000000093700000|  0%| F|  |TAMS 0x0000000093600000, 0x0000000093600000| Untracked 
|  43|0x0000000093700000, 0x0000000093700000, 0x0000000093800000|  0%| F|  |TAMS 0x0000000093700000, 0x0000000093700000| Untracked 
|  44|0x0000000093800000, 0x0000000093800000, 0x0000000093900000|  0%| F|  |TAMS 0x0000000093800000, 0x0000000093800000| Untracked 
|  45|0x0000000093900000, 0x0000000093900000, 0x0000000093a00000|  0%| F|  |TAMS 0x0000000093900000, 0x0000000093900000| Untracked 
|  46|0x0000000093a00000, 0x0000000093a00000, 0x0000000093b00000|  0%| F|  |TAMS 0x0000000093a00000, 0x0000000093a00000| Untracked 
|  47|0x0000000093b00000, 0x0000000093b00000, 0x0000000093c00000|  0%| F|  |TAMS 0x0000000093b00000, 0x0000000093b00000| Untracked 
|  48|0x0000000093c00000, 0x0000000093c00000, 0x0000000093d00000|  0%| F|  |TAMS 0x0000000093c00000, 0x0000000093c00000| Untracked 
|  49|0x0000000093d00000, 0x0000000093d00000, 0x0000000093e00000|  0%| F|  |TAMS 0x0000000093d00000, 0x0000000093d00000| Untracked 
|  50|0x0000000093e00000, 0x0000000093e00000, 0x0000000093f00000|  0%| F|  |TAMS 0x0000000093e00000, 0x0000000093e00000| Untracked 
|  51|0x0000000093f00000, 0x0000000093f00000, 0x0000000094000000|  0%| F|  |TAMS 0x0000000093f00000, 0x0000000093f00000| Untracked 
|  52|0x0000000094000000, 0x0000000094000000, 0x0000000094100000|  0%| F|  |TAMS 0x0000000094000000, 0x0000000094000000| Untracked 
|  53|0x0000000094100000, 0x0000000094100000, 0x0000000094200000|  0%| F|  |TAMS 0x0000000094100000, 0x0000000094100000| Untracked 
|  54|0x0000000094200000, 0x0000000094200000, 0x0000000094300000|  0%| F|  |TAMS 0x0000000094200000, 0x0000000094200000| Untracked 
|  55|0x0000000094300000, 0x0000000094300000, 0x0000000094400000|  0%| F|  |TAMS 0x0000000094300000, 0x0000000094300000| Untracked 
|  56|0x0000000094400000, 0x0000000094400000, 0x0000000094500000|  0%| F|  |TAMS 0x0000000094400000, 0x0000000094400000| Untracked 
|  57|0x0000000094500000, 0x0000000094500000, 0x0000000094600000|  0%| F|  |TAMS 0x0000000094500000, 0x0000000094500000| Untracked 
|  58|0x0000000094600000, 0x0000000094600000, 0x0000000094700000|  0%| F|  |TAMS 0x0000000094600000, 0x0000000094600000| Untracked 
|  59|0x0000000094700000, 0x0000000094700000, 0x0000000094800000|  0%| F|  |TAMS 0x0000000094700000, 0x0000000094700000| Untracked 
|  60|0x0000000094800000, 0x0000000094800000, 0x0000000094900000|  0%| F|  |TAMS 0x0000000094800000, 0x0000000094800000| Untracked 
|  61|0x0000000094900000, 0x0000000094900000, 0x0000000094a00000|  0%| F|  |TAMS 0x0000000094900000, 0x0000000094900000| Untracked 
|  62|0x0000000094a00000, 0x0000000094a00000, 0x0000000094b00000|  0%| F|  |TAMS 0x0000000094a00000, 0x0000000094a00000| Untracked 
|  63|0x0000000094b00000, 0x0000000094b00000, 0x0000000094c00000|  0%| F|  |TAMS 0x0000000094b00000, 0x0000000094b00000| Untracked 
|  64|0x0000000094c00000, 0x0000000094c00000, 0x0000000094d00000|  0%| F|  |TAMS 0x0000000094c00000, 0x0000000094c00000| Untracked 
|  65|0x0000000094d00000, 0x0000000094d00000, 0x0000000094e00000|  0%| F|  |TAMS 0x0000000094d00000, 0x0000000094d00000| Untracked 
|  66|0x0000000094e00000, 0x0000000094e00000, 0x0000000094f00000|  0%| F|  |TAMS 0x0000000094e00000, 0x0000000094e00000| Untracked 
|  67|0x0000000094f00000, 0x0000000094f00000, 0x0000000095000000|  0%| F|  |TAMS 0x0000000094f00000, 0x0000000094f00000| Untracked 
|  68|0x0000000095000000, 0x0000000095000000, 0x0000000095100000|  0%| F|  |TAMS 0x0000000095000000, 0x0000000095000000| Untracked 
|  69|0x0000000095100000, 0x0000000095100000, 0x0000000095200000|  0%| F|  |TAMS 0x0000000095100000, 0x0000000095100000| Untracked 
|  70|0x0000000095200000, 0x0000000095200000, 0x0000000095300000|  0%| F|  |TAMS 0x0000000095200000, 0x0000000095200000| Untracked 
|  71|0x0000000095300000, 0x0000000095300000, 0x0000000095400000|  0%| F|  |TAMS 0x0000000095300000, 0x0000000095300000| Untracked 
|  72|0x0000000095400000, 0x0000000095400000, 0x0000000095500000|  0%| F|  |TAMS 0x0000000095400000, 0x0000000095400000| Untracked 
|  73|0x0000000095500000, 0x0000000095500000, 0x0000000095600000|  0%| F|  |TAMS 0x0000000095500000, 0x0000000095500000| Untracked 
|  74|0x0000000095600000, 0x0000000095600000, 0x0000000095700000|  0%| F|  |TAMS 0x0000000095600000, 0x0000000095600000| Untracked 
|  75|0x0000000095700000, 0x0000000095700000, 0x0000000095800000|  0%| F|  |TAMS 0x0000000095700000, 0x0000000095700000| Untracked 
|  76|0x0000000095800000, 0x0000000095800000, 0x0000000095900000|  0%| F|  |TAMS 0x0000000095800000, 0x0000000095800000| Untracked 
|  77|0x0000000095900000, 0x0000000095900000, 0x0000000095a00000|  0%| F|  |TAMS 0x0000000095900000, 0x0000000095900000| Untracked 
|  78|0x0000000095a00000, 0x0000000095adaf68, 0x0000000095b00000| 85%| E|  |TAMS 0x0000000095a00000, 0x0000000095a00000| Complete 
|  79|0x0000000095b00000, 0x0000000095c00000, 0x0000000095c00000|100%| E|CS|TAMS 0x0000000095b00000, 0x0000000095b00000| Complete 
|  80|0x0000000095c00000, 0x0000000095d00000, 0x0000000095d00000|100%| E|CS|TAMS 0x0000000095c00000, 0x0000000095c00000| Complete 
|  81|0x0000000095d00000, 0x0000000095e00000, 0x0000000095e00000|100%| E|CS|TAMS 0x0000000095d00000, 0x0000000095d00000| Complete 
|  82|0x0000000095e00000, 0x0000000095f00000, 0x0000000095f00000|100%| E|CS|TAMS 0x0000000095e00000, 0x0000000095e00000| Complete 
|  83|0x0000000095f00000, 0x0000000096000000, 0x0000000096000000|100%| E|CS|TAMS 0x0000000095f00000, 0x0000000095f00000| Complete 
|  84|0x0000000096000000, 0x0000000096100000, 0x0000000096100000|100%| E|CS|TAMS 0x0000000096000000, 0x0000000096000000| Complete 
|  85|0x0000000096100000, 0x0000000096200000, 0x0000000096200000|100%| S|CS|TAMS 0x0000000096100000, 0x0000000096100000| Complete 
|  86|0x0000000096200000, 0x0000000096300000, 0x0000000096300000|100%| S|CS|TAMS 0x0000000096200000, 0x0000000096200000| Complete 
|  87|0x0000000096300000, 0x0000000096400000, 0x0000000096400000|100%| S|CS|TAMS 0x0000000096300000, 0x0000000096300000| Complete 
|  88|0x0000000096400000, 0x0000000096500000, 0x0000000096500000|100%| E|CS|TAMS 0x0000000096400000, 0x0000000096400000| Complete 
|  89|0x0000000096500000, 0x0000000096600000, 0x0000000096600000|100%| E|CS|TAMS 0x0000000096500000, 0x0000000096500000| Complete 
|  90|0x0000000096600000, 0x0000000096700000, 0x0000000096700000|100%| E|CS|TAMS 0x0000000096600000, 0x0000000096600000| Complete 
|  91|0x0000000096700000, 0x0000000096800000, 0x0000000096800000|100%| E|CS|TAMS 0x0000000096700000, 0x0000000096700000| Complete 
|  92|0x0000000096800000, 0x0000000096900000, 0x0000000096900000|100%| E|CS|TAMS 0x0000000096800000, 0x0000000096800000| Complete 
|  93|0x0000000096900000, 0x0000000096a00000, 0x0000000096a00000|100%| E|CS|TAMS 0x0000000096900000, 0x0000000096900000| Complete 
|  94|0x0000000096a00000, 0x0000000096b00000, 0x0000000096b00000|100%| E|CS|TAMS 0x0000000096a00000, 0x0000000096a00000| Complete 
|  95|0x0000000096b00000, 0x0000000096c00000, 0x0000000096c00000|100%| E|CS|TAMS 0x0000000096b00000, 0x0000000096b00000| Complete 
|  96|0x0000000096c00000, 0x0000000096d00000, 0x0000000096d00000|100%| E|CS|TAMS 0x0000000096c00000, 0x0000000096c00000| Complete 
|  97|0x0000000096d00000, 0x0000000096e00000, 0x0000000096e00000|100%| E|CS|TAMS 0x0000000096d00000, 0x0000000096d00000| Complete 
|  98|0x0000000096e00000, 0x0000000096f00000, 0x0000000096f00000|100%| E|CS|TAMS 0x0000000096e00000, 0x0000000096e00000| Complete 
|  99|0x0000000096f00000, 0x0000000097000000, 0x0000000097000000|100%| E|CS|TAMS 0x0000000096f00000, 0x0000000096f00000| Complete 
| 100|0x0000000097000000, 0x0000000097100000, 0x0000000097100000|100%| E|CS|TAMS 0x0000000097000000, 0x0000000097000000| Complete 
| 101|0x0000000097100000, 0x0000000097200000, 0x0000000097200000|100%| E|CS|TAMS 0x0000000097100000, 0x0000000097100000| Complete 
| 102|0x0000000097200000, 0x0000000097300000, 0x0000000097300000|100%| E|CS|TAMS 0x0000000097200000, 0x0000000097200000| Complete 
| 103|0x0000000097300000, 0x0000000097400000, 0x0000000097400000|100%| E|CS|TAMS 0x0000000097300000, 0x0000000097300000| Complete 
| 104|0x0000000097400000, 0x0000000097500000, 0x0000000097500000|100%| E|CS|TAMS 0x0000000097400000, 0x0000000097400000| Complete 
| 105|0x0000000097500000, 0x0000000097600000, 0x0000000097600000|100%| E|CS|TAMS 0x0000000097500000, 0x0000000097500000| Complete 
| 106|0x0000000097600000, 0x0000000097700000, 0x0000000097700000|100%| E|CS|TAMS 0x0000000097600000, 0x0000000097600000| Complete 
| 107|0x0000000097700000, 0x0000000097800000, 0x0000000097800000|100%| E|CS|TAMS 0x0000000097700000, 0x0000000097700000| Complete 
| 108|0x0000000097800000, 0x0000000097900000, 0x0000000097900000|100%| E|CS|TAMS 0x0000000097800000, 0x0000000097800000| Complete 
| 109|0x0000000097900000, 0x0000000097a00000, 0x0000000097a00000|100%| E|CS|TAMS 0x0000000097900000, 0x0000000097900000| Complete 
| 110|0x0000000097a00000, 0x0000000097b00000, 0x0000000097b00000|100%| E|CS|TAMS 0x0000000097a00000, 0x0000000097a00000| Complete 
| 111|0x0000000097b00000, 0x0000000097c00000, 0x0000000097c00000|100%| E|CS|TAMS 0x0000000097b00000, 0x0000000097b00000| Complete 

Card table byte_map: [0x000001ef1d8c0000,0x000001ef1dc40000] _byte_map_base: 0x000001ef1d43a000

Marking Bits (Prev, Next): (CMBitMap*) 0x000001ef0a74cff8, (CMBitMap*) 0x000001ef0a74d030
 Prev Bits: [0x000001ef1dfc0000, 0x000001ef1fb90000)
 Next Bits: [0x000001ef1fb90000, 0x000001ef21760000)

Polling page: 0x000001ef08660000

Metaspace:

Usage:
  Non-class:     14.45 MB capacity,    14.28 MB ( 99%) used,   159.41 KB (  1%) free+waste,    23.56 KB ( <1%) overhead. 
      Class:      1.93 MB capacity,     1.80 MB ( 93%) used,   126.54 KB (  6%) free+waste,    11.44 KB ( <1%) overhead. 
       Both:     16.39 MB capacity,    16.07 MB ( 98%) used,   285.95 KB (  2%) free+waste,    35.00 KB ( <1%) overhead. 

Virtual space:
  Non-class space:       16.00 MB reserved,      14.50 MB ( 91%) committed 
      Class space:        1.00 GB reserved,       2.00 MB ( <1%) committed 
             Both:        1.02 GB reserved,      16.50 MB (  2%) committed 

Chunk freelists:
   Non-Class:  47.00 KB
       Class:  5.00 KB
        Both:  52.00 KB

MaxMetaspaceSize: 17179869184.00 GB
CompressedClassSpaceSize: 1.00 GB

CodeHeap 'non-profiled nmethods': size=120000Kb used=573Kb max_used=573Kb free=119426Kb
 bounds [0x000001ef15ce0000, 0x000001ef15f50000, 0x000001ef1d210000]
CodeHeap 'profiled nmethods': size=120000Kb used=3146Kb max_used=3146Kb free=116853Kb
 bounds [0x000001ef0e7b0000, 0x000001ef0ead0000, 0x000001ef15ce0000]
CodeHeap 'non-nmethods': size=5760Kb used=1112Kb max_used=1136Kb free=4647Kb
 bounds [0x000001ef0e210000, 0x000001ef0e480000, 0x000001ef0e7b0000]
 total_blobs=2061 nmethods=1626 adapters=347
 compilation: enabled
              stopped_count=0, restarted_count=0
 full_count=0

Compilation events (20 events):
Event: 18.625 Thread 0x000001ef241cd800 1617       3       java.nio.file.attribute.FileTime::equals (28 bytes)
Event: 18.625 Thread 0x000001ef241cd800 nmethod 1617 0x000001ef0eab5310 code [0x000001ef0eab54e0, 0x000001ef0eab5888]
Event: 18.625 Thread 0x000001ef241cd800 1618       3       java.nio.file.attribute.FileTime::compareTo (154 bytes)
Event: 18.626 Thread 0x000001ef241cd800 nmethod 1618 0x000001ef0eab5990 code [0x000001ef0eab5ce0, 0x000001ef0eab6d38]
Event: 18.626 Thread 0x000001ef241cd800 1619       3       java.lang.Long::compare (22 bytes)
Event: 18.626 Thread 0x000001ef241cd800 nmethod 1619 0x000001ef0eab7310 code [0x000001ef0eab74c0, 0x000001ef0eab7678]
Event: 18.627 Thread 0x000001ef241cd800 1621       3       sun.nio.fs.WindowsFileSystemProvider::getFileAttributeView (132 bytes)
Event: 18.627 Thread 0x000001ef241cd800 nmethod 1621 0x000001ef0eab7710 code [0x000001ef0eab7a40, 0x000001ef0eab8b58]
Event: 18.629 Thread 0x000001ef241cd800 1622       3       org.gradle.api.internal.classpath.EffectiveClassPath::addManifestClasspathFiles (49 bytes)
Event: 18.630 Thread 0x000001ef241cd800 nmethod 1622 0x000001ef0eab9090 code [0x000001ef0eab9300, 0x000001ef0eab9b78]
Event: 18.634 Thread 0x000001ef241cd800 1624   !   3       org.gradle.api.internal.classpath.ManifestUtil::findManifest (49 bytes)
Event: 18.634 Thread 0x000001ef241cd800 nmethod 1624 0x000001ef0eab9e10 code [0x000001ef0eaba040, 0x000001ef0eaba6b8]
Event: 18.646 Thread 0x000001ef241cd800 1625       3       java.lang.Enum::compareTo (44 bytes)
Event: 18.646 Thread 0x000001ef241cd800 nmethod 1625 0x000001ef0eaba910 code [0x000001ef0eabab20, 0x000001ef0eabb008]
Event: 18.647 Thread 0x000001ef241cd800 1627       3       java.lang.ProcessEnvironment::addToEnv (20 bytes)
Event: 18.648 Thread 0x000001ef241cd800 nmethod 1627 0x000001ef0eabb210 code [0x000001ef0eabb420, 0x000001ef0eabb778]
Event: 18.653 Thread 0x000001ef241cd800 1629       3       java.lang.Thread::isInterrupted (6 bytes)
Event: 18.653 Thread 0x000001ef241cd800 nmethod 1629 0x000001ef0eabb910 code [0x000001ef0eabbac0, 0x000001ef0eabbc08]
Event: 18.723 Thread 0x000001ef241cd800 1630       3       java.io.BufferedInputStream::getInIfOpen (21 bytes)
Event: 18.723 Thread 0x000001ef241cd800 nmethod 1630 0x000001ef0eabbc90 code [0x000001ef0eabbe60, 0x000001ef0eabc068]

GC Heap History (2 events):
Event: 1.908 GC heap before
{Heap before GC invocations=0 (full 0):
 garbage-first heap   total 114688K, used 29696K [0x0000000090c00000, 0x0000000100000000)
  region size 1024K, 24 young (24576K), 0 survivors (0K)
 Metaspace       used 11472K, capacity 11713K, committed 11904K, reserved 1060864K
  class space    used 1243K, capacity 1308K, committed 1408K, reserved 1048576K
}
Event: 1.917 GC heap after
{Heap after GC invocations=1 (full 0):
 garbage-first heap   total 114688K, used 8638K [0x0000000090c00000, 0x0000000100000000)
  region size 1024K, 3 young (3072K), 3 survivors (3072K)
 Metaspace       used 11472K, capacity 11713K, committed 11904K, reserved 1060864K
  class space    used 1243K, capacity 1308K, committed 1408K, reserved 1048576K
}

Deoptimization events (20 events):
Event: 9.685 Thread 0x000001ef0a711800 DEOPT PACKING pc=0x000001ef15d47114 sp=0x000000c45d0fcec0
Event: 9.685 Thread 0x000001ef0a711800 DEOPT UNPACKING pc=0x000001ef0e23662f sp=0x000000c45d0fcde8 mode 2
Event: 9.827 Thread 0x000001ef0a711800 DEOPT PACKING pc=0x000001ef0e863ea1 sp=0x000000c45d0fc840
Event: 9.827 Thread 0x000001ef0a711800 DEOPT UNPACKING pc=0x000001ef0e236dde sp=0x000000c45d0fbd38 mode 0
Event: 14.077 Thread 0x000001ef0a711800 Uncommon trap: trap_request=0xffffffde fr.pc=0x000001ef15d47114 relative=0x0000000000000874
Event: 14.077 Thread 0x000001ef0a711800 Uncommon trap: reason=class_check action=maybe_recompile pc=0x000001ef15d47114 method=java.io.DataInputStream.readUnsignedShort()I @ 4 c2
Event: 14.077 Thread 0x000001ef0a711800 DEOPT PACKING pc=0x000001ef15d47114 sp=0x000000c45d0fceb0
Event: 14.077 Thread 0x000001ef0a711800 DEOPT UNPACKING pc=0x000001ef0e23662f sp=0x000000c45d0fcdd8 mode 2
Event: 18.545 Thread 0x000001ef0a711800 Uncommon trap: trap_request=0xffffff4d fr.pc=0x000001ef15d568f0 relative=0x0000000000000250
Event: 18.545 Thread 0x000001ef0a711800 Uncommon trap: reason=unstable_if action=reinterpret pc=0x000001ef15d568f0 method=java.io.BufferedOutputStream.write(I)V @ 9 c2
Event: 18.545 Thread 0x000001ef0a711800 DEOPT PACKING pc=0x000001ef15d568f0 sp=0x000000c45d0fca10
Event: 18.545 Thread 0x000001ef0a711800 DEOPT UNPACKING pc=0x000001ef0e23662f sp=0x000000c45d0fc9b8 mode 2
Event: 18.545 Thread 0x000001ef0a711800 DEOPT PACKING pc=0x000001ef0e9eddd9 sp=0x000000c45d0fcb10
Event: 18.545 Thread 0x000001ef0a711800 DEOPT UNPACKING pc=0x000001ef0e236dde sp=0x000000c45d0fbfa8 mode 0
Event: 18.546 Thread 0x000001ef0a711800 DEOPT PACKING pc=0x000001ef0e9eddd9 sp=0x000000c45d0fcb10
Event: 18.546 Thread 0x000001ef0a711800 DEOPT UNPACKING pc=0x000001ef0e236dde sp=0x000000c45d0fbfa8 mode 0
Event: 18.547 Thread 0x000001ef0a711800 DEOPT PACKING pc=0x000001ef0e9eddd9 sp=0x000000c45d0fcb10
Event: 18.547 Thread 0x000001ef0a711800 DEOPT UNPACKING pc=0x000001ef0e236dde sp=0x000000c45d0fbfa8 mode 0
Event: 18.547 Thread 0x000001ef0a711800 DEOPT PACKING pc=0x000001ef0e9eddd9 sp=0x000000c45d0fcb10
Event: 18.547 Thread 0x000001ef0a711800 DEOPT UNPACKING pc=0x000001ef0e236dde sp=0x000000c45d0fbfa8 mode 0

Classes redefined (0 events):
No events

Internal exceptions (18 events):
Event: 0.350 Thread 0x000001ef0a711800 Exception <a 'java/lang/NoSuchMethodError'{0x0000000097a9e0e8}: 'int java.lang.invoke.DirectMethodHandle$Holder.invokeSpecialIFC(java.lang.Object, java.lang.Object, int)'> (0x0000000097a9e0e8) thrown at [./src/hotspot/share/interpreter/linkResolver.cpp, line 773]
Event: 0.514 Thread 0x000001ef0a711800 Exception <a 'java/lang/NoSuchMethodError'{0x000000009786afe8}: 'int java.lang.invoke.DirectMethodHandle$Holder.invokeStaticInit(java.lang.Object, java.lang.Object)'> (0x000000009786afe8) thrown at [./src/hotspot/share/interpreter/linkResolver.cpp, line 773]
Event: 0.655 Thread 0x000001ef0a711800 Exception <a 'java/lang/NoSuchMethodError'{0x0000000097725eb0}: 'int java.lang.invoke.DirectMethodHandle$Holder.invokeSpecial(java.lang.Object, java.lang.Object, java.lang.Object, java.lang.Object)'> (0x0000000097725eb0) thrown at [./src/hotspot/share/interpreter/linkResolver.cpp, line 773]
Event: 1.620 Thread 0x000001ef0a711800 Exception <a 'java/lang/NoClassDefFoundError'{0x00000000969eb7d0}: org/slf4j/impl/StaticMarkerBinder> (0x00000000969eb7d0) thrown at [./src/hotspot/share/classfile/systemDictionary.cpp, line 220]
Event: 1.662 Thread 0x000001ef0a711800 Exception <a 'java/lang/NoSuchMethodError'{0x00000000968842b8}: 'java.lang.Object java.lang.invoke.DirectMethodHandle$Holder.invokeVirtual(java.lang.Object, java.lang.Object, java.lang.Object, java.lang.Object, java.lang.Object)'> (0x00000000968842b8) thrown at [./src/hotspot/share/interpreter/linkResolver.cpp, line 773]
Event: 1.870 Thread 0x000001ef0a711800 Exception <a 'java/lang/NoSuchMethodError'{0x000000009647cb78}: 'java.lang.Object java.lang.invoke.Invokers$Holder.invoker(java.lang.Object, java.lang.Object, java.lang.Object, java.lang.Object, java.lang.Object)'> (0x000000009647cb78) thrown at [./src/hotspot/share/interpreter/linkResolver.cpp, line 773]
Event: 1.873 Thread 0x000001ef0a711800 Exception <a 'java/lang/NoSuchMethodError'{0x000000009648d858}: 'void java.lang.invoke.DelegatingMethodHandle$Holder.delegate(java.lang.Object, java.lang.Object, int, java.lang.Object)'> (0x000000009648d858) thrown at [./src/hotspot/share/interpreter/linkResolver.cpp, line 773]
Event: 2.135 Thread 0x000001ef0a711800 Exception <a 'java/lang/NoSuchMethodError'{0x000000009786e780}: 'java.lang.Object java.lang.invoke.DirectMethodHandle$Holder.invokeStaticInit(java.lang.Object, java.lang.Object, java.lang.Object)'> (0x000000009786e780) thrown at [./src/hotspot/share/interpreter/linkResolver.cpp, line 773]
Event: 2.498 Thread 0x000001ef0a711800 Exception <a 'java/lang/NoSuchMethodError'{0x00000000974e7e80}: 'java.lang.Object java.lang.invoke.DirectMethodHandle$Holder.invokeStaticInit(java.lang.Object, int, int, int, int)'> (0x00000000974e7e80) thrown at [./src/hotspot/share/interpreter/linkResolver.cpp, line 773]
Event: 2.990 Thread 0x000001ef0a711800 Exception <a 'java/lang/NoSuchMethodError'{0x00000000973b8fe8}: 'java.lang.Object java.lang.invoke.DirectMethodHandle$Holder.invokeStaticInit(java.lang.Object, java.lang.Object, int, int, int, int)'> (0x00000000973b8fe8) thrown at [./src/hotspot/share/interpreter/linkResolver.cpp, line 773]
Event: 4.404 Thread 0x000001ef24c9e800 Exception <a 'java/lang/NoSuchMethodError'{0x0000000096b93250}: 'void java.lang.invoke.DirectMethodHandle$Holder.invokeStatic(java.lang.Object, long)'> (0x0000000096b93250) thrown at [./src/hotspot/share/interpreter/linkResolver.cpp, line 773]
Event: 4.405 Thread 0x000001ef24c9e800 Exception <a 'java/lang/NoSuchMethodError'{0x0000000096b984a0}: 'java.lang.Object java.lang.invoke.DirectMethodHandle$Holder.invokeStatic(java.lang.Object, long)'> (0x0000000096b984a0) thrown at [./src/hotspot/share/interpreter/linkResolver.cpp, line 773]
Event: 4.410 Thread 0x000001ef24c9e800 Exception <a 'java/lang/NoSuchMethodError'{0x0000000096ba6540}: 'java.lang.Object java.lang.invoke.DirectMethodHandle$Holder.invokeStaticInit(java.lang.Object, java.lang.Object, long, java.lang.Object)'> (0x0000000096ba6540) thrown at [./src/hotspot/share/interpreter/linkResolver.cpp, line 773]
Event: 4.411 Thread 0x000001ef24c9e800 Exception <a 'java/lang/NoSuchMethodError'{0x0000000096bac468}: 'java.lang.Object java.lang.invoke.DirectMethodHandle$Holder.invokeStatic(java.lang.Object, java.lang.Object, long)'> (0x0000000096bac468) thrown at [./src/hotspot/share/interpreter/linkResolver.cpp, line 773]
Event: 4.412 Thread 0x000001ef24c9e800 Exception <a 'java/lang/NoSuchMethodError'{0x0000000096bb2738}: 'java.lang.Object java.lang.invoke.Invokers$Holder.linkToTargetMethod(java.lang.Object, long, java.lang.Object)'> (0x0000000096bb2738) thrown at [./src/hotspot/share/interpreter/linkResolver.cpp, line 773]
Event: 9.767 Thread 0x000001ef0a711800 Exception <a 'java/io/IOException'{0x0000000096aa5250}> (0x0000000096aa5250) thrown at [./src/hotspot/share/prims/jni.cpp, line 615]
Event: 14.101 Thread 0x000001ef0a711800 Exception <a 'java/io/IOException'{0x000000009667e690}> (0x000000009667e690) thrown at [./src/hotspot/share/prims/jni.cpp, line 615]
Event: 18.535 Thread 0x000001ef0a711800 Exception <a 'java/io/IOException'{0x0000000095e4d780}> (0x0000000095e4d780) thrown at [./src/hotspot/share/prims/jni.cpp, line 615]

Events (20 events):
Event: 18.527 Executing VM operation: RevokeBias
Event: 18.528 Executing VM operation: RevokeBias done
Event: 18.528 Executing VM operation: RevokeBias
Event: 18.528 Executing coalesced safepoint VM operation: RevokeBias
Event: 18.528 Executing coalesced safepoint VM operation: RevokeBias done
Event: 18.528 Executing VM operation: RevokeBias done
Event: 18.528 Thread 0x000001ef24c9d800 Thread exited: 0x000001ef24c9d800
Event: 18.528 Thread 0x000001ef24c99800 Thread exited: 0x000001ef24c99800
Event: 18.545 Executing VM operation: RevokeBias
Event: 18.545 Executing VM operation: RevokeBias done
Event: 18.613 Loaded shared library C:\Program Files\Android\Android Studio\jre\bin\zip.dll
Event: 18.621 Loaded shared library C:\Program Files\Android\Android Studio\jre\bin\nio.dll
Event: 18.646 Thread 0x000001ef24c9b000 Thread added: 0x000001ef24c9b000
Event: 18.652 Thread 0x000001ef24c9e800 Thread added: 0x000001ef24c9e800
Event: 18.652 Executing VM operation: RevokeBias
Event: 18.652 Thread 0x000001ef24c9c000 Thread added: 0x000001ef24c9c000
Event: 18.653 Executing VM operation: RevokeBias done
Event: 18.653 Thread 0x000001ef24c9e800 Thread exited: 0x000001ef24c9e800
Event: 18.653 Executing VM operation: RevokeBias
Event: 18.653 Executing VM operation: RevokeBias done


Dynamic libraries:
0x00007ff679c80000 - 0x00007ff679c8a000 	C:\Program Files\Android\Android Studio\jre\bin\java.exe
0x00007ffc3a360000 - 0x00007ffc3a569000 	C:\WINDOWS\SYSTEM32\ntdll.dll
0x00007ffc38d30000 - 0x00007ffc38ded000 	C:\WINDOWS\System32\KERNEL32.DLL
0x00007ffc37d30000 - 0x00007ffc380a4000 	C:\WINDOWS\System32\KERNELBASE.dll
0x00007ffc37850000 - 0x00007ffc37961000 	C:\WINDOWS\System32\ucrtbase.dll
0x00007ffc03380000 - 0x00007ffc03399000 	C:\Program Files\Android\Android Studio\jre\bin\jli.dll
0x00007ffc38b80000 - 0x00007ffc38d2c000 	C:\WINDOWS\System32\USER32.dll
0x00007ffc381d0000 - 0x00007ffc381f6000 	C:\WINDOWS\System32\win32u.dll
0x00007ffc392b0000 - 0x00007ffc392d9000 	C:\WINDOWS\System32\GDI32.dll
0x00007ffc380b0000 - 0x00007ffc381c2000 	C:\WINDOWS\System32\gdi32full.dll
0x00007ffc37c90000 - 0x00007ffc37d2d000 	C:\WINDOWS\System32\msvcp_win.dll
0x00007ffc03360000 - 0x00007ffc03377000 	C:\Program Files\Android\Android Studio\jre\bin\VCRUNTIME140.dll
0x00007ffc1f600000 - 0x00007ffc1f8a5000 	C:\WINDOWS\WinSxS\amd64_microsoft.windows.common-controls_6595b64144ccf1df_6.0.22000.120_none_9d947278b86cc467\COMCTL32.dll
0x00007ffc394f0000 - 0x00007ffc39593000 	C:\WINDOWS\System32\msvcrt.dll
0x00007ffc39700000 - 0x00007ffc39731000 	C:\WINDOWS\System32\IMM32.DLL
0x00007ffbb7a20000 - 0x00007ffbb7abd000 	C:\Program Files\Android\Android Studio\jre\bin\msvcp140.dll
0x00007ffb9deb0000 - 0x00007ffb9e985000 	C:\Program Files\Android\Android Studio\jre\bin\server\jvm.dll
0x00007ffc38200000 - 0x00007ffc382ae000 	C:\WINDOWS\System32\ADVAPI32.dll
0x00007ffc38920000 - 0x00007ffc389be000 	C:\WINDOWS\System32\sechost.dll
0x00007ffc392e0000 - 0x00007ffc39400000 	C:\WINDOWS\System32\RPCRT4.dll
0x00007ffc38ae0000 - 0x00007ffc38ae8000 	C:\WINDOWS\System32\PSAPI.DLL
0x00007ffc25170000 - 0x00007ffc25179000 	C:\WINDOWS\SYSTEM32\WSOCK32.dll
0x00007ffc32660000 - 0x00007ffc32693000 	C:\WINDOWS\SYSTEM32\WINMM.dll
0x00007ffc3a2b0000 - 0x00007ffc3a31f000 	C:\WINDOWS\System32\WS2_32.dll
0x00007ffc2f5a0000 - 0x00007ffc2f5aa000 	C:\WINDOWS\SYSTEM32\VERSION.dll
0x00007ffc36910000 - 0x00007ffc36928000 	C:\WINDOWS\SYSTEM32\kernel.appcore.dll
0x00007ffbfc010000 - 0x00007ffbfc021000 	C:\Program Files\Android\Android Studio\jre\bin\verify.dll
0x00007ffc30630000 - 0x00007ffc30851000 	C:\WINDOWS\SYSTEM32\DBGHELP.DLL
0x00007ffc1ffe0000 - 0x00007ffc20011000 	C:\WINDOWS\SYSTEM32\dbgcore.DLL
0x00007ffc37aa0000 - 0x00007ffc37b1f000 	C:\WINDOWS\System32\bcryptPrimitives.dll
0x00007ffbfbfe0000 - 0x00007ffbfc009000 	C:\Program Files\Android\Android Studio\jre\bin\java.dll
0x00007ffc191e0000 - 0x00007ffc191eb000 	C:\Program Files\Android\Android Studio\jre\bin\jimage.dll
0x00007ffbfbfc0000 - 0x00007ffbfbfd8000 	C:\Program Files\Android\Android Studio\jre\bin\zip.dll
0x00007ffc39b00000 - 0x00007ffc3a2af000 	C:\WINDOWS\System32\SHELL32.dll
0x00007ffc35980000 - 0x00007ffc361e8000 	C:\WINDOWS\SYSTEM32\windows.storage.dll
0x00007ffc38df0000 - 0x00007ffc39168000 	C:\WINDOWS\System32\combase.dll
0x00007ffc35810000 - 0x00007ffc35976000 	C:\WINDOWS\SYSTEM32\wintypes.dll
0x00007ffc391a0000 - 0x00007ffc3928a000 	C:\WINDOWS\System32\SHCORE.dll
0x00007ffc39980000 - 0x00007ffc399dd000 	C:\WINDOWS\System32\shlwapi.dll
0x00007ffc37780000 - 0x00007ffc377a1000 	C:\WINDOWS\SYSTEM32\profapi.dll
0x00007ffbfbfa0000 - 0x00007ffbfbfba000 	C:\Program Files\Android\Android Studio\jre\bin\net.dll
0x00007ffc32200000 - 0x00007ffc3230c000 	C:\WINDOWS\SYSTEM32\WINHTTP.dll
0x00007ffc36d40000 - 0x00007ffc36da7000 	C:\WINDOWS\system32\mswsock.dll
0x00007ffbee550000 - 0x00007ffbee564000 	C:\Program Files\Android\Android Studio\jre\bin\nio.dll
0x00007ffbe4f90000 - 0x00007ffbe4fb6000 	C:\Users\satis\.gradle\native\fdc75f09e3144964f2cf3f50f0aa648679c211496f362492102eb8c894070792\windows-amd64\native-platform.dll
0x00007ffba6bc0000 - 0x00007ffba6d51000 	C:\Users\satis\.gradle\native\12488b8bf47d2d4c9fbf2f6322a914ad602e24e48041cd04a747c6da556b65c4\windows-amd64\native-platform-file-events.dll
0x00007ffc18e60000 - 0x00007ffc18e6a000 	C:\Program Files\Android\Android Studio\jre\bin\management.dll
0x00007ffc129e0000 - 0x00007ffc129ed000 	C:\Program Files\Android\Android Studio\jre\bin\management_ext.dll
0x00007ffc36fa0000 - 0x00007ffc36fb8000 	C:\WINDOWS\SYSTEM32\CRYPTSP.dll
0x00007ffc36870000 - 0x00007ffc368a5000 	C:\WINDOWS\system32\rsaenh.dll
0x00007ffc36e50000 - 0x00007ffc36e79000 	C:\WINDOWS\SYSTEM32\USERENV.dll
0x00007ffc37140000 - 0x00007ffc37167000 	C:\WINDOWS\SYSTEM32\bcrypt.dll
0x00007ffc36fc0000 - 0x00007ffc36fcc000 	C:\WINDOWS\SYSTEM32\CRYPTBASE.dll
0x00007ffc36440000 - 0x00007ffc3646d000 	C:\WINDOWS\SYSTEM32\IPHLPAPI.DLL
0x00007ffc394e0000 - 0x00007ffc394e9000 	C:\WINDOWS\System32\NSI.dll
0x00007ffc31f70000 - 0x00007ffc31f89000 	C:\WINDOWS\SYSTEM32\dhcpcsvc6.DLL
0x00007ffc32750000 - 0x00007ffc3276e000 	C:\WINDOWS\SYSTEM32\dhcpcsvc.DLL
0x00007ffc36470000 - 0x00007ffc36558000 	C:\WINDOWS\SYSTEM32\DNSAPI.dll
0x00007ffc31af0000 - 0x00007ffc31afc000 	C:\WINDOWS\SYSTEM32\WINNSI.DLL

dbghelp: loaded successfully - version: 4.0.5 - missing functions: none
symbol engine: initialized successfully - sym options: 0x614 - pdb path: .;C:\Program Files\Android\Android Studio\jre\bin;C:\WINDOWS\SYSTEM32;C:\WINDOWS\WinSxS\amd64_microsoft.windows.common-controls_6595b64144ccf1df_6.0.22000.120_none_9d947278b86cc467;C:\Program Files\Android\Android Studio\jre\bin\server;C:\Users\satis\.gradle\native\fdc75f09e3144964f2cf3f50f0aa648679c211496f362492102eb8c894070792\windows-amd64;C:\Users\satis\.gradle\native\12488b8bf47d2d4c9fbf2f6322a914ad602e24e48041cd04a747c6da556b65c4\windows-amd64

VM Arguments:
jvm_args: -Dorg.gradle.appname=gradlew 
java_command: org.gradle.wrapper.GradleWrapperMain -q -Ptarget-platform=android-arm64 -Ptarget=C:\Users\satis\Documents\GitHub\irriauto_v2\lib\main.dart -Pbase-application-name=android.app.Application -Pdart-defines=Zmx1dHRlci5pbnNwZWN0b3Iuc3RydWN0dXJlZEVycm9ycz10cnVl,RkxVVFRFUl9XRUJfQVVUT19ERVRFQ1Q9dHJ1ZQ== -Pdart-obfuscation=false -Ptrack-widget-creation=true -Ptree-shake-icons=false -Pfilesystem-scheme=org-dartlang-root assembleDebug
java_class_path (initial): C:\Users\satis\Documents\GitHub\irriauto_v2\android\\gradle\wrapper\gradle-wrapper.jar
Launcher Type: SUN_STANDARD

[Global flags]
     intx CICompilerCount                          = 4                                         {product} {ergonomic}
     uint ConcGCThreads                            = 2                                         {product} {ergonomic}
     uint G1ConcRefinementThreads                  = 8                                         {product} {ergonomic}
   size_t G1HeapRegionSize                         = 1048576                                   {product} {ergonomic}
    uintx GCDrainStackTargetSize                   = 64                                        {product} {ergonomic}
   size_t InitialHeapSize                          = 117440512                                 {product} {ergonomic}
   size_t MarkStackSize                            = 4194304                                   {product} {ergonomic}
   size_t MaxHeapSize                              = 1866465280                                {product} {ergonomic}
   size_t MaxNewSize                               = 1119879168                                {product} {ergonomic}
   size_t MinHeapDeltaBytes                        = 1048576                                   {product} {ergonomic}
    uintx NonNMethodCodeHeapSize                   = 5836300                                {pd product} {ergonomic}
    uintx NonProfiledCodeHeapSize                  = 122910970                              {pd product} {ergonomic}
    uintx ProfiledCodeHeapSize                     = 122910970                              {pd product} {ergonomic}
    uintx ReservedCodeCacheSize                    = 251658240                              {pd product} {ergonomic}
     bool SegmentedCodeCache                       = true                                      {product} {ergonomic}
     bool UseCompressedClassPointers               = true                                 {lp64_product} {ergonomic}
     bool UseCompressedOops                        = true                                 {lp64_product} {ergonomic}
     bool UseG1GC                                  = true                                      {product} {ergonomic}
     bool UseLargePagesIndividualAllocation        = false                                  {pd product} {ergonomic}

Logging:
Log output configuration:
 #0: stdout all=warning uptime,level,tags
 #1: stderr all=off uptime,level,tags

Environment Variables:
JAVA_HOME=C:\Program Files\Android\Android Studio\jre
CLASSPATH=C:\Users\satis\Documents\GitHub\irriauto_v2\android\\gradle\wrapper\gradle-wrapper.jar
PATH=C:\Program Files\Common Files\Oracle\Java\javapath;C:\app\satis\product\21c\dbhomeXE\bin;C:\WINDOWS\system32;C:\WINDOWS;C:\WINDOWS\System32\Wbem;C:\WINDOWS\System32\WindowsPowerShell\v1.0\;C:\WINDOWS\System32\OpenSSH\;C:\Program Files\nodejs\;C:\ProgramData\chocolatey\bin;C:\Program Files\Git\cmd;C:\Users\satis\Documents\flutter_windows_2.10.3-stable\flutter\bin;C:\Users\satis\anaconda3;C:\Users\satis\anaconda3\Library\mingw-w64\bin;C:\Users\satis\anaconda3\Library\usr\bin;C:\Users\satis\anaconda3\Library\bin;C:\Users\satis\anaconda3\Scripts;C:\Program Files\MySQL\MySQL Shell 8.0\bin\;C:\Users\satis\AppData\Local\Microsoft\WindowsApps;C:\Program Files\JetBrains\IntelliJ IDEA Community Edition 2021.2.3\bin;C:\Users\satis\AppData\Local\Programs\Microsoft VS Code\bin;C:\Users\satis\AppData\Roaming\npm;C:\Program Files\heroku\bin;C:\Users\satis\AppData\Local\GitHubDesktop\bin;C:\Users\satis\AppData\Local\gitkraken\bin;C:\Users\satis\Documents\flutter_windows_2.10.3-stable\flutter\bin\mingit\cmd
USERNAME=satis
OS=Windows_NT
PROCESSOR_IDENTIFIER=AMD64 Family 23 Model 24 Stepping 1, AuthenticAMD



---------------  S Y S T E M  ---------------

OS: Windows 10 , 64 bit Build 22000 (10.0.22000.434)
OS uptime: 0 days 2:04 hours
Hyper-V role detected

CPU:total 8 (initial active 8) (8 cores per cpu, 2 threads per core) family 23 model 24 stepping 1 microcode 0x0, cmov, cx8, fxsr, mmx, sse, sse2, sse3, ssse3, sse4.1, sse4.2, popcnt, avx, avx2, aes, clmul, mmxext, 3dnowpref, lzcnt, sse4a, ht, tsc, tscinvbit, tscinv, bmi1, bmi2, adx, s

Memory: 4k page, system-wide physical 7115M (172M free)
TotalPageFile size 28619M (AvailPageFile size 60M)
current process WorkingSet (physical memory assigned to process): 109M, peak: 109M
current process commit charge ("private bytes"): 218M, peak: 218M

vm_info: OpenJDK 64-Bit Server VM (11.0.11+9-b60-7590822) for windows-amd64 JRE (11.0.11+9-b60-7590822), built on Jul 29 2021 21:43:44 by "builder" with MS VC++ 14.0 (VS2015)

END.
